app/build/outputs/logs/manifest-merger-debug-report.txt
-- Merging decision tree log ---
manifest
ADDED from AndroidManifest.xml:2:1
	package
		ADDED from AndroidManifest.xml:3:4
		INJECTED from AndroidManifest.xml:0:0
		INJECTED from AndroidManifest.xml:0:0
	android:versionName
		ADDED from AndroidManifest.xml:4:28
	android:versionCode
		ADDED from AndroidManifest.xml:4:4
		INJECTED from AndroidManifest.xml:0:0
		INJECTED from AndroidManifest.xml:0:0
	xmlns:android
		ADDED from AndroidManifest.xml:2:11
application
ADDED from AndroidManifest.xml:5:4
	android:label
		ADDED from AndroidManifest.xml:6:7
	android:icon
		ADDED from AndroidManifest.xml:5:17
activity#com.deitel.favoritetwittersearches.FavoriteTwitterSearches
ADDED from AndroidManifest.xml:7:7
	android:label
		ADDED from AndroidManifest.xml:8:10
	android:windowSoftInputMode
		ADDED from AndroidManifest.xml:9:10
	android:name
		ADDED from AndroidManifest.xml:7:17
intent-filter#android.intent.action.MAIN+android.intent.category.LAUNCHER
ADDED from AndroidManifest.xml:10:10
action#android.intent.action.MAIN
ADDED from AndroidManifest.xml:11:13
	android:name
		ADDED from AndroidManifest.xml:11:21
category#android.intent.category.LAUNCHER
ADDED from AndroidManifest.xml:12:13
	android:name
		ADDED from AndroidManifest.xml:12:23
uses-sdk
ADDED from AndroidManifest.xml:16:4
	android:targetSdkVersion
		ADDED from AndroidManifest.xml:16:14
		INJECTED from AndroidManifest.xml:0:0
		INJECTED from AndroidManifest.xml:0:0
	android:minSdkVersion
		ADDED from AndroidManifest.xml:16:44
		INJECTED from AndroidManifest.xml:0:0
		INJECTED from AndroidManifest.xml:0:0